C:\Users\XBB\documents\visual studio 2010\Projects\VoxCADXBB\VoxCADXBB\Debug\cl.command.1.tlog
C:\Users\XBB\documents\visual studio 2010\Projects\VoxCADXBB\VoxCADXBB\Debug\CL.read.1.tlog
C:\Users\XBB\documents\visual studio 2010\Projects\VoxCADXBB\VoxCADXBB\Debug\CL.write.1.tlog
C:\Users\XBB\documents\visual studio 2010\Projects\VoxCADXBB\VoxCADXBB\Debug\custombuild.command.1.tlog
C:\Users\XBB\documents\visual studio 2010\Projects\VoxCADXBB\VoxCADXBB\Debug\custombuild.read.1.tlog
C:\Users\XBB\documents\visual studio 2010\Projects\VoxCADXBB\VoxCADXBB\Debug\custombuild.write.1.tlog
C:\USERS\XBB\DOCUMENTS\VISUAL STUDIO 2010\PROJECTS\VOXCADXBB\VOXCADXBB\DEBUG\GL_UTILS.OBJ
C:\Users\XBB\documents\visual studio 2010\Projects\VoxCADXBB\VoxCADXBB\Debug\link.command.1.tlog
C:\Users\XBB\documents\visual studio 2010\Projects\VoxCADXBB\VoxCADXBB\Debug\link.read.1.tlog
C:\Users\XBB\documents\visual studio 2010\Projects\VoxCADXBB\VoxCADXBB\Debug\link.write.1.tlog
C:\Users\XBB\documents\visual studio 2010\Projects\VoxCADXBB\VoxCADXBB\Debug\link-cvtres.read.1.tlog
C:\Users\XBB\documents\visual studio 2010\Projects\VoxCADXBB\VoxCADXBB\Debug\link-cvtres.write.1.tlog
C:\USERS\XBB\DOCUMENTS\VISUAL STUDIO 2010\PROJECTS\VOXCADXBB\VOXCADXBB\DEBUG\MAIN.OBJ
C:\USERS\XBB\DOCUMENTS\VISUAL STUDIO 2010\PROJECTS\VOXCADXBB\VOXCADXBB\DEBUG\MARCHCUBE.OBJ
C:\USERS\XBB\DOCUMENTS\VISUAL STUDIO 2010\PROJECTS\VOXCADXBB\VOXCADXBB\DEBUG\MESH.OBJ
C:\USERS\XBB\DOCUMENTS\VISUAL STUDIO 2010\PROJECTS\VOXCADXBB\VOXCADXBB\DEBUG\MOC_QVX_EDIT.OBJ
C:\USERS\XBB\DOCUMENTS\VISUAL STUDIO 2010\PROJECTS\VOXCADXBB\VOXCADXBB\DEBUG\MOC_QVX_INTERFACES.OBJ
C:\USERS\XBB\DOCUMENTS\VISUAL STUDIO 2010\PROJECTS\VOXCADXBB\VOXCADXBB\DEBUG\MOC_VOXCADXBB.OBJ
C:\USERS\XBB\DOCUMENTS\VISUAL STUDIO 2010\PROJECTS\VOXCADXBB\VOXCADXBB\DEBUG\MOC_VPALETTE.OBJ
C:\USERS\XBB\DOCUMENTS\VISUAL STUDIO 2010\PROJECTS\VOXCADXBB\VOXCADXBB\DEBUG\MOC_VSTRUCTUREEDITOR.OBJ
C:\USERS\XBB\DOCUMENTS\VISUAL STUDIO 2010\PROJECTS\VOXCADXBB\VOXCADXBB\DEBUG\MOC_VWORKSPACE.OBJ
C:\USERS\XBB\DOCUMENTS\VISUAL STUDIO 2010\PROJECTS\VOXCADXBB\VOXCADXBB\DEBUG\QRC_VOXCADXBB.OBJ
C:\USERS\XBB\DOCUMENTS\VISUAL STUDIO 2010\PROJECTS\VOXCADXBB\VOXCADXBB\DEBUG\QVX_EDIT.OBJ
C:\USERS\XBB\DOCUMENTS\VISUAL STUDIO 2010\PROJECTS\VOXCADXBB\VOXCADXBB\DEBUG\QVX_INTERFACE.OBJ
C:\Users\XBB\documents\visual studio 2010\Projects\VoxCADXBB\VoxCADXBB\Debug\rc.command.1.tlog
C:\Users\XBB\documents\visual studio 2010\Projects\VoxCADXBB\VoxCADXBB\Debug\rc.read.1.tlog
C:\Users\XBB\documents\visual studio 2010\Projects\VoxCADXBB\VoxCADXBB\Debug\rc.write.1.tlog
C:\USERS\XBB\DOCUMENTS\VISUAL STUDIO 2010\PROJECTS\VOXCADXBB\VOXCADXBB\DEBUG\VC100.PDB
C:\Users\XBB\documents\visual studio 2010\Projects\VoxCADXBB\VoxCADXBB\Debug\VoxCADXBB.exe.embed.manifest
C:\USERS\XBB\DOCUMENTS\VISUAL STUDIO 2010\PROJECTS\VOXCADXBB\VOXCADXBB\DEBUG\VOXCADXBB.EXE.EMBED.MANIFEST.RES
C:\Users\XBB\documents\visual studio 2010\Projects\VoxCADXBB\VoxCADXBB\Debug\VoxCADXBB.exe.intermediate.manifest
C:\USERS\XBB\DOCUMENTS\VISUAL STUDIO 2010\PROJECTS\VOXCADXBB\VOXCADXBB\DEBUG\VOXCADXBB.OBJ
C:\Users\XBB\documents\visual studio 2010\Projects\VoxCADXBB\VoxCADXBB\Debug\VoxCADXBB.vcxprojResolveAssemblyReference.cache
C:\Users\XBB\documents\visual studio 2010\Projects\VoxCADXBB\VoxCADXBB\Debug\VoxCADXBB.write.1.tlog
C:\Users\XBB\documents\visual studio 2010\Projects\VoxCADXBB\VoxCADXBB\Debug\VoxCADXBB_manifest.rc
C:\USERS\XBB\DOCUMENTS\VISUAL STUDIO 2010\PROJECTS\VOXCADXBB\VOXCADXBB\DEBUG\VOXELYZE.OBJ
C:\USERS\XBB\DOCUMENTS\VISUAL STUDIO 2010\PROJECTS\VOXCADXBB\VOXCADXBB\DEBUG\VPALETTE.OBJ
C:\USERS\XBB\DOCUMENTS\VISUAL STUDIO 2010\PROJECTS\VOXCADXBB\VOXCADXBB\DEBUG\VSTRUCTUREEDITOR.OBJ
C:\USERS\XBB\DOCUMENTS\VISUAL STUDIO 2010\PROJECTS\VOXCADXBB\VOXCADXBB\DEBUG\VWORKSPACE.OBJ
C:\USERS\XBB\DOCUMENTS\VISUAL STUDIO 2010\PROJECTS\VOXCADXBB\VOXCADXBB\DEBUG\VX_BOND.OBJ
C:\USERS\XBB\DOCUMENTS\VISUAL STUDIO 2010\PROJECTS\VOXCADXBB\VOXCADXBB\DEBUG\VX_COLLISION.OBJ
C:\USERS\XBB\DOCUMENTS\VISUAL STUDIO 2010\PROJECTS\VOXCADXBB\VOXCADXBB\DEBUG\VX_ENVIRONMENT.OBJ
C:\USERS\XBB\DOCUMENTS\VISUAL STUDIO 2010\PROJECTS\VOXCADXBB\VOXCADXBB\DEBUG\VX_EXTERNAL.OBJ
C:\USERS\XBB\DOCUMENTS\VISUAL STUDIO 2010\PROJECTS\VOXCADXBB\VOXCADXBB\DEBUG\VX_FEA.OBJ
C:\USERS\XBB\DOCUMENTS\VISUAL STUDIO 2010\PROJECTS\VOXCADXBB\VOXCADXBB\DEBUG\VX_FREGION.OBJ
C:\USERS\XBB\DOCUMENTS\VISUAL STUDIO 2010\PROJECTS\VOXCADXBB\VOXCADXBB\DEBUG\VX_LINEARSOLVER.OBJ
C:\USERS\XBB\DOCUMENTS\VISUAL STUDIO 2010\PROJECTS\VOXCADXBB\VOXCADXBB\DEBUG\VX_LINK.OBJ
C:\USERS\XBB\DOCUMENTS\VISUAL STUDIO 2010\PROJECTS\VOXCADXBB\VOXCADXBB\DEBUG\VX_MATERIAL.OBJ
C:\USERS\XBB\DOCUMENTS\VISUAL STUDIO 2010\PROJECTS\VOXCADXBB\VOXCADXBB\DEBUG\VX_MATERIALLINK.OBJ
C:\USERS\XBB\DOCUMENTS\VISUAL STUDIO 2010\PROJECTS\VOXCADXBB\VOXCADXBB\DEBUG\VX_MATERIALVOXEL.OBJ
C:\USERS\XBB\DOCUMENTS\VISUAL STUDIO 2010\PROJECTS\VOXCADXBB\VOXCADXBB\DEBUG\VX_MESHRENDER.OBJ
C:\USERS\XBB\DOCUMENTS\VISUAL STUDIO 2010\PROJECTS\VOXCADXBB\VOXCADXBB\DEBUG\VX_MESHUTIL.OBJ
C:\USERS\XBB\DOCUMENTS\VISUAL STUDIO 2010\PROJECTS\VOXCADXBB\VOXCADXBB\DEBUG\VX_OBJECT.OBJ
C:\USERS\XBB\DOCUMENTS\VISUAL STUDIO 2010\PROJECTS\VOXCADXBB\VOXCADXBB\DEBUG\VX_SIM.OBJ
C:\USERS\XBB\DOCUMENTS\VISUAL STUDIO 2010\PROJECTS\VOXCADXBB\VOXCADXBB\DEBUG\VX_VOXEL.OBJ
C:\USERS\XBB\DOCUMENTS\VISUAL STUDIO 2010\PROJECTS\VOXCADXBB\VOXCADXBB\DEBUG\VXS_BOND.OBJ
C:\USERS\XBB\DOCUMENTS\VISUAL STUDIO 2010\PROJECTS\VOXCADXBB\VOXCADXBB\DEBUG\VXS_SIMGLVIEW.OBJ
C:\USERS\XBB\DOCUMENTS\VISUAL STUDIO 2010\PROJECTS\VOXCADXBB\VOXCADXBB\DEBUG\VXS_VOXEL.OBJ
C:\USERS\XBB\DOCUMENTS\VISUAL STUDIO 2010\PROJECTS\VOXCADXBB\VOXCADXBB\DEBUG\VXT_VOXEL.OBJ
C:\USERS\XBB\DOCUMENTS\VISUAL STUDIO 2010\PROJECTS\VOXCADXBB\VOXCADXBB\DEBUG\XML_RIP.OBJ
C:\USERS\XBB\DOCUMENTS\VISUAL STUDIO 2010\PROJECTS\VOXCADXBB\VOXCADXBB\GENERATEDFILES\DEBUG\MOC_QVX_EDIT.CPP
C:\USERS\XBB\DOCUMENTS\VISUAL STUDIO 2010\PROJECTS\VOXCADXBB\VOXCADXBB\GENERATEDFILES\DEBUG\MOC_QVX_INTERFACES.CPP
C:\USERS\XBB\DOCUMENTS\VISUAL STUDIO 2010\PROJECTS\VOXCADXBB\VOXCADXBB\GENERATEDFILES\DEBUG\MOC_VOXCADXBB.CPP
C:\USERS\XBB\DOCUMENTS\VISUAL STUDIO 2010\PROJECTS\VOXCADXBB\VOXCADXBB\GENERATEDFILES\DEBUG\MOC_VPALETTE.CPP
C:\USERS\XBB\DOCUMENTS\VISUAL STUDIO 2010\PROJECTS\VOXCADXBB\VOXCADXBB\GENERATEDFILES\DEBUG\MOC_VSTRUCTUREEDITOR.CPP
C:\USERS\XBB\DOCUMENTS\VISUAL STUDIO 2010\PROJECTS\VOXCADXBB\VOXCADXBB\GENERATEDFILES\DEBUG\MOC_VWORKSPACE.CPP
C:\USERS\XBB\DOCUMENTS\VISUAL STUDIO 2010\PROJECTS\VOXCADXBB\VOXCADXBB\GENERATEDFILES\QRC_VOXCADXBB.CPP
C:\USERS\XBB\DOCUMENTS\VISUAL STUDIO 2010\PROJECTS\VOXCADXBB\VOXCADXBB\GENERATEDFILES\UI_VOXCADXBB.H
C:\USERS\XBB\DOCUMENTS\VISUAL STUDIO 2010\PROJECTS\VOXCADXBB\VOXCADXBB\GENERATEDFILES\UI_VPALETTE.H
C:\USERS\XBB\DOCUMENTS\VISUAL STUDIO 2010\PROJECTS\VOXCADXBB\VOXCADXBB\GENERATEDFILES\UI_VSTRUCTUREEDITOR.H
C:\USERS\XBB\DOCUMENTS\VISUAL STUDIO 2010\PROJECTS\VOXCADXBB\VOXCADXBB\GENERATEDFILES\UI_VWORKSPACE.H
C:\Users\XBB\documents\visual studio 2010\Projects\VoxCADXBB\Win32\Debug\VoxCADXBB.pdb
